错误级别：Warn|错误信息:set_exception_handler() expects the argument (exceptionHandler) to be a valid callback|所在文件:D:\wamp64\www\project\system\ErrorHandler.php|错误行数:43日期:2016-06-19 21:03:08
错误级别：Notice|错误信息:Undefined index: c|所在文件:D:\wamp64\www\project\system\router.php|错误行数:53日期:2016-06-19 21:03:08
错误级别：Notice|错误信息:Undefined index: m|所在文件:D:\wamp64\www\project\system\router.php|错误行数:54日期:2016-06-19 21:03:08
错误级别：Notice|错误信息:Undefined index: c|所在文件:D:\wamp64\www\project\system\router.php|错误行数:53日期:2016-06-19 21:04:36
错误级别：Notice|错误信息:Undefined index: m|所在文件:D:\wamp64\www\project\system\router.php|错误行数:54日期:2016-06-19 21:04:36
错误级别：Notice|错误信息:Undefined index: c|所在文件:D:\wamp64\www\project\system\router.php|错误行数:53日期:2016-06-19 21:04:50
错误级别：Notice|错误信息:Undefined index: m|所在文件:D:\wamp64\www\project\system\router.php|错误行数:54日期:2016-06-19 21:04:50
错误级别：Notice|错误信息:Undefined index: c|所在文件:D:\wamp64\www\project\system\router.php|错误行数:53日期:2016-06-19 21:13:08
错误级别：Notice|错误信息:Undefined index: m|所在文件:D:\wamp64\www\project\system\router.php|错误行数:54日期:2016-06-19 21:13:08
错误级别：Notice|错误信息:Undefined index: c|所在文件:D:\wamp64\www\project\system\router.php|错误行数:53日期:2016-06-19 21:15:28
错误级别：Notice|错误信息:Undefined index: m|所在文件:D:\wamp64\www\project\system\router.php|错误行数:54日期:2016-06-19 21:15:28
错误级别：Warn|错误信息:ReflectionClass::__construct() expects exactly 1 parameter, 0 given|所在文件:D:\wamp64\www\project\system\ErrorHandler.php|错误行数:37日期:2016-06-19 21:15:28
错误级别：Warn|错误信息:ReflectionClass::getMethods() expects parameter 1 to be long, object given|所在文件:D:\wamp64\www\project\system\ErrorHandler.php|错误行数:38日期:2016-06-19 21:15:28
错误级别：Notice|错误信息:Undefined index: c|所在文件:D:\wamp64\www\project\system\router.php|错误行数:53日期:2016-06-19 21:30:12
错误级别：Notice|错误信息:Undefined index: m|所在文件:D:\wamp64\www\project\system\router.php|错误行数:54日期:2016-06-19 21:30:12
错误级别：Notice|错误信息:Array to string conversion|所在文件:D:\wamp64\www\project\system\ErrorHandler.php|错误行数:38日期:2016-06-19 21:30:12
错误级别：Notice|错误信息:Undefined index: userLib]|所在文件:D:\wamp64\www\project\system\Loader.php|错误行数:84日期:2016-06-19 21:30:12
错误级别：Notice|错误信息:Undefined index: c|所在文件:D:\wamp64\www\project\system\router.php|错误行数:53日期:2016-06-19 21:30:43
错误级别：Notice|错误信息:Undefined index: m|所在文件:D:\wamp64\www\project\system\router.php|错误行数:54日期:2016-06-19 21:30:43
错误级别：Notice|错误信息:Undefined index: userLib]|所在文件:D:\wamp64\www\project\system\Loader.php|错误行数:84日期:2016-06-19 21:30:43
错误级别：Notice|错误信息:Undefined index: c|所在文件:D:\wamp64\www\project\system\router.php|错误行数:53日期:2016-06-19 21:32:00
错误级别：Notice|错误信息:Undefined index: m|所在文件:D:\wamp64\www\project\system\router.php|错误行数:54日期:2016-06-19 21:32:00
错误级别：Notice|错误信息:Undefined index: userLib]|所在文件:D:\wamp64\www\project\system\Loader.php|错误行数:84日期:2016-06-19 21:32:00
错误级别：Notice|错误信息:Undefined index: c|所在文件:D:\wamp64\www\project\system\router.php|错误行数:53日期:2016-06-19 21:32:35
错误级别：Notice|错误信息:Undefined index: m|所在文件:D:\wamp64\www\project\system\router.php|错误行数:54日期:2016-06-19 21:32:35
错误级别：Notice|错误信息:Array to string conversion|所在文件:D:\wamp64\www\project\system\ErrorHandler.php|错误行数:37日期:2016-06-19 21:32:35
错误级别：Notice|错误信息:Undefined index: userLib]|所在文件:D:\wamp64\www\project\system\Loader.php|错误行数:84日期:2016-06-19 21:32:35
错误级别：Notice|错误信息:Undefined index: c|所在文件:D:\wamp64\www\project\system\router.php|错误行数:53日期:2016-06-19 21:32:48
错误级别：Notice|错误信息:Undefined index: m|所在文件:D:\wamp64\www\project\system\router.php|错误行数:54日期:2016-06-19 21:32:48
错误级别：Notice|错误信息:Undefined index: userLib]|所在文件:D:\wamp64\www\project\system\Loader.php|错误行数:84日期:2016-06-19 21:32:48
错误级别：Notice|错误信息:Undefined index: c|所在文件:D:\wamp64\www\project\system\router.php|错误行数:53日期:2016-06-19 21:34:05
错误级别：Notice|错误信息:Undefined index: m|所在文件:D:\wamp64\www\project\system\router.php|错误行数:54日期:2016-06-19 21:34:05
错误级别：Notice|错误信息:Undefined index: userLib]|所在文件:D:\wamp64\www\project\system\Loader.php|错误行数:84日期:2016-06-19 21:34:05
错误级别：Notice|错误信息:Undefined variable: message|所在文件:D:\wamp64\www\project\system\ErrorHandler.php|错误行数:42日期:2016-06-19 21:34:05
错误级别：Notice|错误信息:Undefined index: c|所在文件:D:\wamp64\www\project\system\router.php|错误行数:53日期:2016-06-19 21:36:13
错误级别：Notice|错误信息:Undefined index: m|所在文件:D:\wamp64\www\project\system\router.php|错误行数:54日期:2016-06-19 21:36:13
错误级别：Notice|错误信息:Undefined index: c|所在文件:D:\wamp64\www\project\system\router.php|错误行数:53日期:2016-06-19 21:36:27
错误级别：Notice|错误信息:Undefined index: m|所在文件:D:\wamp64\www\project\system\router.php|错误行数:54日期:2016-06-19 21:36:27
错误级别：Notice|错误信息:Undefined index: userLib]|所在文件:D:\wamp64\www\project\system\Loader.php|错误行数:84日期:2016-06-19 21:36:27
错误级别：Notice|错误信息:Undefined variable: message|所在文件:D:\wamp64\www\project\system\ErrorHandler.php|错误行数:39日期:2016-06-19 21:36:27
错误级别：Notice|错误信息:Undefined index: c|所在文件:D:\wamp64\www\project\system\router.php|错误行数:53日期:2016-06-19 21:37:22
错误级别：Notice|错误信息:Undefined index: m|所在文件:D:\wamp64\www\project\system\router.php|错误行数:54日期:2016-06-19 21:37:22
错误级别：Notice|错误信息:Undefined index: userLib]|所在文件:D:\wamp64\www\project\system\Loader.php|错误行数:84日期:2016-06-19 21:37:22
错误级别：Notice|错误信息:Undefined variable: message|所在文件:D:\wamp64\www\project\system\ErrorHandler.php|错误行数:39日期:2016-06-19 21:37:22
错误级别：Notice|错误信息:Undefined index: c|所在文件:D:\wamp64\www\project\system\router.php|错误行数:53日期:2016-06-19 21:37:59
错误级别：Notice|错误信息:Undefined index: m|所在文件:D:\wamp64\www\project\system\router.php|错误行数:54日期:2016-06-19 21:37:59
错误级别：Notice|错误信息:Undefined index: userLib]|所在文件:D:\wamp64\www\project\system\Loader.php|错误行数:84日期:2016-06-19 21:37:59
错误级别：Notice|错误信息:Undefined variable: message|所在文件:D:\wamp64\www\project\system\ErrorHandler.php|错误行数:39日期:2016-06-19 21:37:59
错误级别：Notice|错误信息:Undefined index: c|所在文件:D:\wamp64\www\project\system\router.php|错误行数:53日期:2016-06-19 21:38:46
错误级别：Notice|错误信息:Undefined index: m|所在文件:D:\wamp64\www\project\system\router.php|错误行数:54日期:2016-06-19 21:38:46
错误级别：Notice|错误信息:Undefined index: userLib]|所在文件:D:\wamp64\www\project\system\Loader.php|错误行数:84日期:2016-06-19 21:38:46
错误级别：Notice|错误信息:Undefined index: c|所在文件:D:\wamp64\www\project\system\router.php|错误行数:53日期:2016-06-19 21:39:06
错误级别：Notice|错误信息:Undefined index: m|所在文件:D:\wamp64\www\project\system\router.php|错误行数:54日期:2016-06-19 21:39:06
错误级别：Notice|错误信息:Undefined index: userLib]|所在文件:D:\wamp64\www\project\system\Loader.php|错误行数:84日期:2016-06-19 21:39:06
错误级别：Notice|错误信息:Undefined variable: message|所在文件:D:\wamp64\www\project\system\ErrorHandler.php|错误行数:39日期:2016-06-19 21:39:06
错误级别：Notice|错误信息:Undefined variable: message|所在文件:D:\wamp64\www\project\application\view\error\exception.php|错误行数:23日期:2016-06-19 21:39:06
错误级别：Notice|错误信息:Undefined variable: file|所在文件:D:\wamp64\www\project\application\view\error\exception.php|错误行数:24日期:2016-06-19 21:39:06
错误级别：Notice|错误信息:Undefined index: c|所在文件:D:\wamp64\www\project\system\router.php|错误行数:53日期:2016-06-19 21:42:51
错误级别：Notice|错误信息:Undefined index: m|所在文件:D:\wamp64\www\project\system\router.php|错误行数:54日期:2016-06-19 21:42:51
错误级别：Notice|错误信息:Undefined index: userLib]|所在文件:D:\wamp64\www\project\system\Loader.php|错误行数:86日期:2016-06-19 21:42:51
错误级别：Notice|错误信息:Undefined variable: message|所在文件:D:\wamp64\www\project\system\ErrorHandler.php|错误行数:39日期:2016-06-19 21:42:51
错误级别：Notice|错误信息:Undefined variable: message|所在文件:D:\wamp64\www\project\application\view\error\exception.php|错误行数:23日期:2016-06-19 21:42:51
错误级别：Notice|错误信息:Undefined variable: file|所在文件:D:\wamp64\www\project\application\view\error\exception.php|错误行数:24日期:2016-06-19 21:42:51
错误级别：Notice|错误信息:Undefined index: c|所在文件:D:\wamp64\www\project\system\router.php|错误行数:53日期:2016-06-19 21:42:54
错误级别：Notice|错误信息:Undefined index: m|所在文件:D:\wamp64\www\project\system\router.php|错误行数:54日期:2016-06-19 21:42:54
错误级别：Notice|错误信息:Undefined index: userLib]|所在文件:D:\wamp64\www\project\system\Loader.php|错误行数:86日期:2016-06-19 21:42:54
错误级别：Notice|错误信息:Undefined variable: message|所在文件:D:\wamp64\www\project\system\ErrorHandler.php|错误行数:39日期:2016-06-19 21:42:54
错误级别：Notice|错误信息:Undefined variable: message|所在文件:D:\wamp64\www\project\application\view\error\exception.php|错误行数:23日期:2016-06-19 21:42:54
错误级别：Notice|错误信息:Undefined variable: file|所在文件:D:\wamp64\www\project\application\view\error\exception.php|错误行数:24日期:2016-06-19 21:42:54
错误级别：Notice|错误信息:Undefined index: c|所在文件:D:\wamp64\www\project\system\router.php|错误行数:53日期:2016-06-19 21:42:55
错误级别：Notice|错误信息:Undefined index: m|所在文件:D:\wamp64\www\project\system\router.php|错误行数:54日期:2016-06-19 21:42:55
错误级别：Notice|错误信息:Undefined index: userLib]|所在文件:D:\wamp64\www\project\system\Loader.php|错误行数:86日期:2016-06-19 21:42:55
错误级别：Notice|错误信息:Undefined variable: message|所在文件:D:\wamp64\www\project\system\ErrorHandler.php|错误行数:39日期:2016-06-19 21:42:55
错误级别：Notice|错误信息:Undefined variable: message|所在文件:D:\wamp64\www\project\application\view\error\exception.php|错误行数:23日期:2016-06-19 21:42:55
错误级别：Notice|错误信息:Undefined variable: file|所在文件:D:\wamp64\www\project\application\view\error\exception.php|错误行数:24日期:2016-06-19 21:42:55
错误级别：Notice|错误信息:Undefined index: c|所在文件:D:\wamp64\www\project\system\router.php|错误行数:53日期:2016-06-19 21:43:39
错误级别：Notice|错误信息:Undefined index: m|所在文件:D:\wamp64\www\project\system\router.php|错误行数:54日期:2016-06-19 21:43:39
错误级别：Notice|错误信息:Undefined index: userLib]|所在文件:D:\wamp64\www\project\system\Loader.php|错误行数:87日期:2016-06-19 21:43:39
错误级别：Notice|错误信息:Undefined variable: message|所在文件:D:\wamp64\www\project\system\ErrorHandler.php|错误行数:39日期:2016-06-19 21:43:39
错误级别：Notice|错误信息:Undefined variable: message|所在文件:D:\wamp64\www\project\application\view\error\exception.php|错误行数:23日期:2016-06-19 21:43:39
错误级别：Notice|错误信息:Undefined variable: file|所在文件:D:\wamp64\www\project\application\view\error\exception.php|错误行数:24日期:2016-06-19 21:43:39
错误级别：Notice|错误信息:Undefined index: c|所在文件:D:\wamp64\www\project\system\router.php|错误行数:53日期:2016-06-19 21:44:34
错误级别：Notice|错误信息:Undefined index: m|所在文件:D:\wamp64\www\project\system\router.php|错误行数:54日期:2016-06-19 21:44:34
错误级别：Notice|错误信息:Undefined index: userLib]|所在文件:D:\wamp64\www\project\system\Loader.php|错误行数:87日期:2016-06-19 21:44:34
错误级别：Notice|错误信息:Undefined variable: message|所在文件:D:\wamp64\www\project\application\view\error\exception.php|错误行数:23日期:2016-06-19 21:44:34
错误级别：Notice|错误信息:Undefined variable: file|所在文件:D:\wamp64\www\project\application\view\error\exception.php|错误行数:24日期:2016-06-19 21:44:34
错误级别：Notice|错误信息:Undefined index: c|所在文件:D:\wamp64\www\project\system\router.php|错误行数:53日期:2016-06-19 21:45:30
错误级别：Notice|错误信息:Undefined index: m|所在文件:D:\wamp64\www\project\system\router.php|错误行数:54日期:2016-06-19 21:45:30
错误级别：Notice|错误信息:Undefined index: userLib]|所在文件:D:\wamp64\www\project\system\Loader.php|错误行数:87日期:2016-06-19 21:45:30
错误级别：Notice|错误信息:Undefined variable: message|所在文件:D:\wamp64\www\project\application\view\error\exception.php|错误行数:23日期:2016-06-19 21:45:30
错误级别：Notice|错误信息:Undefined variable: file|所在文件:D:\wamp64\www\project\application\view\error\exception.php|错误行数:24日期:2016-06-19 21:45:30
错误级别：Notice|错误信息:Undefined variable: var|所在文件:D:\wamp64\www\project\system\Loader.php|错误行数:48日期:2016-06-19 21:45:30
错误级别：Notice|错误信息:Undefined index: c|所在文件:D:\wamp64\www\project\system\router.php|错误行数:53日期:2016-06-19 21:45:49
错误级别：Notice|错误信息:Undefined index: m|所在文件:D:\wamp64\www\project\system\router.php|错误行数:54日期:2016-06-19 21:45:49
错误级别：Notice|错误信息:Undefined index: userLib]|所在文件:D:\wamp64\www\project\system\Loader.php|错误行数:87日期:2016-06-19 21:45:49
错误级别：Notice|错误信息:Undefined variable: message|所在文件:D:\wamp64\www\project\application\view\error\exception.php|错误行数:23日期:2016-06-19 21:45:49
错误级别：Notice|错误信息:Undefined variable: file|所在文件:D:\wamp64\www\project\application\view\error\exception.php|错误行数:24日期:2016-06-19 21:45:49
错误级别：Notice|错误信息:Undefined index: c|所在文件:D:\wamp64\www\project\system\router.php|错误行数:53日期:2016-06-19 21:46:31
错误级别：Notice|错误信息:Undefined index: m|所在文件:D:\wamp64\www\project\system\router.php|错误行数:54日期:2016-06-19 21:46:31
错误级别：Notice|错误信息:Undefined index: userLib]|所在文件:D:\wamp64\www\project\system\Loader.php|错误行数:86日期:2016-06-19 21:46:31
错误级别：Notice|错误信息:Undefined variable: message|所在文件:D:\wamp64\www\project\application\view\error\exception.php|错误行数:2日期:2016-06-19 21:46:31
错误级别：Notice|错误信息:Undefined variable: message|所在文件:D:\wamp64\www\project\application\view\error\exception.php|错误行数:25日期:2016-06-19 21:46:31
错误级别：Notice|错误信息:Undefined variable: file|所在文件:D:\wamp64\www\project\application\view\error\exception.php|错误行数:26日期:2016-06-19 21:46:31
错误级别：Notice|错误信息:Undefined index: c|所在文件:D:\wamp64\www\project\system\router.php|错误行数:53日期:2016-06-19 21:47:13
错误级别：Notice|错误信息:Undefined index: m|所在文件:D:\wamp64\www\project\system\router.php|错误行数:54日期:2016-06-19 21:47:13
错误级别：Notice|错误信息:Undefined index: userLib]|所在文件:D:\wamp64\www\project\system\Loader.php|错误行数:86日期:2016-06-19 21:47:13
错误级别：Notice|错误信息:Undefined index: c|所在文件:D:\wamp64\www\project\system\router.php|错误行数:53日期:2016-06-19 21:51:41
错误级别：Notice|错误信息:Undefined index: m|所在文件:D:\wamp64\www\project\system\router.php|错误行数:54日期:2016-06-19 21:51:41
错误级别：Notice|错误信息:Undefined index: userLib]|所在文件:D:\wamp64\www\project\system\Loader.php|错误行数:86日期:2016-06-19 21:51:41
错误级别：Notice|错误信息:Undefined index: c|所在文件:D:\wamp64\www\project\system\router.php|错误行数:53日期:2016-06-19 21:51:57
错误级别：Notice|错误信息:Undefined index: m|所在文件:D:\wamp64\www\project\system\router.php|错误行数:54日期:2016-06-19 21:51:57
错误级别：Notice|错误信息:Undefined index: userLib]|所在文件:D:\wamp64\www\project\system\Loader.php|错误行数:86日期:2016-06-19 21:51:57
错误级别：Notice|错误信息:Undefined index: c|所在文件:D:\wamp64\www\project\system\router.php|错误行数:53日期:2016-06-19 21:51:59
错误级别：Notice|错误信息:Undefined index: m|所在文件:D:\wamp64\www\project\system\router.php|错误行数:54日期:2016-06-19 21:51:59
错误级别：Notice|错误信息:Undefined index: userLib]|所在文件:D:\wamp64\www\project\system\Loader.php|错误行数:86日期:2016-06-19 21:51:59
错误级别：Notice|错误信息:Undefined index: c|所在文件:D:\wamp64\www\project\system\router.php|错误行数:53日期:2016-06-19 21:52:53
错误级别：Notice|错误信息:Undefined index: m|所在文件:D:\wamp64\www\project\system\router.php|错误行数:54日期:2016-06-19 21:52:53
错误级别：Notice|错误信息:Undefined index: userLib]|所在文件:D:\wamp64\www\project\system\Loader.php|错误行数:86日期:2016-06-19 21:52:53
错误级别：Notice|错误信息:Undefined index: c|所在文件:D:\wamp64\www\project\system\router.php|错误行数:53日期:2016-06-19 21:54:32
错误级别：Notice|错误信息:Undefined index: m|所在文件:D:\wamp64\www\project\system\router.php|错误行数:54日期:2016-06-19 21:54:32
错误级别：Notice|错误信息:Undefined index: userLib]|所在文件:D:\wamp64\www\project\system\Loader.php|错误行数:86日期:2016-06-19 21:54:32
错误级别：Notice|错误信息:Undefined index: c|所在文件:D:\wamp64\www\project\system\router.php|错误行数:53日期:2016-06-19 21:54:44
错误级别：Notice|错误信息:Undefined index: m|所在文件:D:\wamp64\www\project\system\router.php|错误行数:54日期:2016-06-19 21:54:44
错误级别：Notice|错误信息:Undefined index: userLib]|所在文件:D:\wamp64\www\project\system\Loader.php|错误行数:86日期:2016-06-19 21:54:44
错误级别：Notice|错误信息:Undefined index: c|所在文件:D:\wamp64\www\project\system\router.php|错误行数:53日期:2016-06-20 00:49:32
错误级别：Notice|错误信息:Undefined index: m|所在文件:D:\wamp64\www\project\system\router.php|错误行数:54日期:2016-06-20 00:49:32
错误级别：Notice|错误信息:Use of undefined constant resolvedUri - assumed 'resolvedUri'|所在文件:D:\wamp64\www\project\system\router.php|错误行数:69日期:2016-06-20 00:49:32
错误级别：Warn|错误信息:Illegal string offset 'controller'|所在文件:D:\wamp64\www\project\system\core.php|错误行数:25日期:2016-06-20 00:49:32
错误级别：Warn|错误信息:Illegal string offset 'method'|所在文件:D:\wamp64\www\project\system\core.php|错误行数:26日期:2016-06-20 00:49:32
错误级别：Notice|错误信息:Undefined index: userLib]|所在文件:D:\wamp64\www\project\system\Loader.php|错误行数:86日期:2016-06-20 00:49:32
错误级别：Notice|错误信息:Undefined index: c|所在文件:D:\wamp64\www\project\system\router.php|错误行数:53日期:2016-06-20 00:50:43
错误级别：Notice|错误信息:Undefined index: m|所在文件:D:\wamp64\www\project\system\router.php|错误行数:54日期:2016-06-20 00:50:43
错误级别：Notice|错误信息:Use of undefined constant resolvedUri - assumed 'resolvedUri'|所在文件:D:\wamp64\www\project\system\router.php|错误行数:69日期:2016-06-20 00:50:43
错误级别：Warn|错误信息:Illegal string offset 'controller'|所在文件:D:\wamp64\www\project\system\core.php|错误行数:26日期:2016-06-20 00:50:43
错误级别：Warn|错误信息:Illegal string offset 'method'|所在文件:D:\wamp64\www\project\system\core.php|错误行数:27日期:2016-06-20 00:50:43
错误级别：Notice|错误信息:Undefined index: userLib]|所在文件:D:\wamp64\www\project\system\Loader.php|错误行数:86日期:2016-06-20 00:50:43
错误级别：Notice|错误信息:Undefined index: c|所在文件:D:\wamp64\www\project\system\router.php|错误行数:53日期:2016-06-20 00:51:21
错误级别：Notice|错误信息:Undefined index: m|所在文件:D:\wamp64\www\project\system\router.php|错误行数:54日期:2016-06-20 00:51:21
错误级别：Notice|错误信息:Use of undefined constant resolvedUri - assumed 'resolvedUri'|所在文件:D:\wamp64\www\project\system\router.php|错误行数:69日期:2016-06-20 00:51:21
错误级别：Warn|错误信息:Illegal string offset 'controller'|所在文件:D:\wamp64\www\project\system\core.php|错误行数:26日期:2016-06-20 00:51:21
错误级别：Warn|错误信息:Illegal string offset 'method'|所在文件:D:\wamp64\www\project\system\core.php|错误行数:27日期:2016-06-20 00:51:21
错误级别：Notice|错误信息:Undefined index: userLib]|所在文件:D:\wamp64\www\project\system\Loader.php|错误行数:86日期:2016-06-20 00:51:21
错误级别：Notice|错误信息:Undefined index: c|所在文件:D:\wamp64\www\project\system\router.php|错误行数:53日期:2016-06-20 00:51:22
错误级别：Notice|错误信息:Undefined index: m|所在文件:D:\wamp64\www\project\system\router.php|错误行数:54日期:2016-06-20 00:51:22
错误级别：Notice|错误信息:Use of undefined constant resolvedUri - assumed 'resolvedUri'|所在文件:D:\wamp64\www\project\system\router.php|错误行数:69日期:2016-06-20 00:51:22
错误级别：Warn|错误信息:Illegal string offset 'controller'|所在文件:D:\wamp64\www\project\system\core.php|错误行数:26日期:2016-06-20 00:51:22
错误级别：Warn|错误信息:Illegal string offset 'method'|所在文件:D:\wamp64\www\project\system\core.php|错误行数:27日期:2016-06-20 00:51:22
错误级别：Notice|错误信息:Undefined index: userLib]|所在文件:D:\wamp64\www\project\system\Loader.php|错误行数:86日期:2016-06-20 00:51:22
错误级别：Notice|错误信息:Undefined index: c|所在文件:D:\wamp64\www\project\system\router.php|错误行数:53日期:2016-06-20 00:51:22
错误级别：Notice|错误信息:Undefined index: m|所在文件:D:\wamp64\www\project\system\router.php|错误行数:54日期:2016-06-20 00:51:22
错误级别：Notice|错误信息:Use of undefined constant resolvedUri - assumed 'resolvedUri'|所在文件:D:\wamp64\www\project\system\router.php|错误行数:69日期:2016-06-20 00:51:22
错误级别：Warn|错误信息:Illegal string offset 'controller'|所在文件:D:\wamp64\www\project\system\core.php|错误行数:26日期:2016-06-20 00:51:22
错误级别：Warn|错误信息:Illegal string offset 'method'|所在文件:D:\wamp64\www\project\system\core.php|错误行数:27日期:2016-06-20 00:51:22
错误级别：Notice|错误信息:Undefined index: userLib]|所在文件:D:\wamp64\www\project\system\Loader.php|错误行数:86日期:2016-06-20 00:51:22
错误级别：Notice|错误信息:Undefined index: c|所在文件:D:\wamp64\www\project\system\router.php|错误行数:53日期:2016-06-20 00:51:22
错误级别：Notice|错误信息:Undefined index: m|所在文件:D:\wamp64\www\project\system\router.php|错误行数:54日期:2016-06-20 00:51:22
错误级别：Notice|错误信息:Use of undefined constant resolvedUri - assumed 'resolvedUri'|所在文件:D:\wamp64\www\project\system\router.php|错误行数:69日期:2016-06-20 00:51:22
错误级别：Warn|错误信息:Illegal string offset 'controller'|所在文件:D:\wamp64\www\project\system\core.php|错误行数:26日期:2016-06-20 00:51:22
错误级别：Warn|错误信息:Illegal string offset 'method'|所在文件:D:\wamp64\www\project\system\core.php|错误行数:27日期:2016-06-20 00:51:22
错误级别：Notice|错误信息:Undefined index: userLib]|所在文件:D:\wamp64\www\project\system\Loader.php|错误行数:86日期:2016-06-20 00:51:22
错误级别：Notice|错误信息:Undefined index: c|所在文件:D:\wamp64\www\project\system\router.php|错误行数:53日期:2016-06-20 00:51:40
错误级别：Notice|错误信息:Undefined index: m|所在文件:D:\wamp64\www\project\system\router.php|错误行数:54日期:2016-06-20 00:51:40
错误级别：Notice|错误信息:Undefined index: userLib]|所在文件:D:\wamp64\www\project\system\Loader.php|错误行数:86日期:2016-06-20 00:51:40
错误级别：Notice|错误信息:Undefined index: c|所在文件:D:\wamp64\www\project\system\router.php|错误行数:53日期:2016-06-20 00:52:01
错误级别：Notice|错误信息:Undefined index: m|所在文件:D:\wamp64\www\project\system\router.php|错误行数:54日期:2016-06-20 00:52:01
错误级别：Notice|错误信息:Undefined index: userLib]|所在文件:D:\wamp64\www\project\system\Loader.php|错误行数:86日期:2016-06-20 00:52:01
错误级别：Notice|错误信息:Undefined index: c|所在文件:D:\wamp64\www\project\system\router.php|错误行数:53日期:2016-06-20 00:52:26
错误级别：Notice|错误信息:Undefined index: m|所在文件:D:\wamp64\www\project\system\router.php|错误行数:54日期:2016-06-20 00:52:26
错误级别：Notice|错误信息:Undefined index: userLib]|所在文件:D:\wamp64\www\project\system\Loader.php|错误行数:86日期:2016-06-20 00:52:26
错误级别：Notice|错误信息:Undefined index: c|所在文件:D:\wamp64\www\project\system\router.php|错误行数:53日期:2016-06-20 00:52:41
错误级别：Notice|错误信息:Undefined index: m|所在文件:D:\wamp64\www\project\system\router.php|错误行数:54日期:2016-06-20 00:52:41
错误级别：Notice|错误信息:Undefined index: userLib]|所在文件:D:\wamp64\www\project\system\Loader.php|错误行数:86日期:2016-06-20 00:52:41
错误级别：Notice|错误信息:Undefined index: c|所在文件:D:\wamp64\www\project\system\router.php|错误行数:53日期:2016-06-20 00:53:12
错误级别：Notice|错误信息:Undefined index: m|所在文件:D:\wamp64\www\project\system\router.php|错误行数:54日期:2016-06-20 00:53:12
错误级别：Notice|错误信息:Undefined index: userLib]|所在文件:D:\wamp64\www\project\system\Loader.php|错误行数:86日期:2016-06-20 00:53:12
错误级别：Notice|错误信息:Undefined index: c|所在文件:D:\wamp64\www\project\system\router.php|错误行数:53日期:2016-06-20 00:53:19
错误级别：Notice|错误信息:Undefined index: m|所在文件:D:\wamp64\www\project\system\router.php|错误行数:54日期:2016-06-20 00:53:19
错误级别：Notice|错误信息:Undefined index: userLib]|所在文件:D:\wamp64\www\project\system\Loader.php|错误行数:86日期:2016-06-20 00:53:19
错误级别：Notice|错误信息:Undefined index: c|所在文件:D:\wamp64\www\project\system\router.php|错误行数:53日期:2016-06-20 00:53:34
错误级别：Notice|错误信息:Undefined index: m|所在文件:D:\wamp64\www\project\system\router.php|错误行数:54日期:2016-06-20 00:53:34
错误级别：Notice|错误信息:Undefined index: userLib]|所在文件:D:\wamp64\www\project\system\Loader.php|错误行数:86日期:2016-06-20 00:53:34
错误级别：Notice|错误信息:Undefined index: c|所在文件:D:\wamp\www\project\system\router.php|错误行数:53日期:2016-06-20 13:55:11
错误级别：Notice|错误信息:Undefined index: m|所在文件:D:\wamp\www\project\system\router.php|错误行数:54日期:2016-06-20 13:55:11
错误级别：Notice|错误信息:Undefined index: userLib]|所在文件:D:\wamp\www\project\system\Loader.php|错误行数:90日期:2016-06-20 13:55:11
错误级别：Notice|错误信息:Undefined index: c|所在文件:D:\wamp\www\project\system\router.php|错误行数:53日期:2016-06-20 14:55:35
错误级别：Notice|错误信息:Undefined index: m|所在文件:D:\wamp\www\project\system\router.php|错误行数:54日期:2016-06-20 14:55:35
错误级别：Notice|错误信息:Undefined index: userLib]|所在文件:D:\wamp\www\project\system\Loader.php|错误行数:90日期:2016-06-20 14:55:35
错误级别：Notice|错误信息:Undefined index: c|所在文件:D:\wamp\www\project\system\router.php|错误行数:53日期:2016-06-20 14:56:14
错误级别：Notice|错误信息:Undefined index: m|所在文件:D:\wamp\www\project\system\router.php|错误行数:54日期:2016-06-20 14:56:14
错误级别：Notice|错误信息:Undefined index: userLib]|所在文件:D:\wamp\www\project\system\Loader.php|错误行数:90日期:2016-06-20 14:56:14
错误级别：Notice|错误信息:Undefined index: c|所在文件:D:\wamp\www\project\system\router.php|错误行数:53日期:2016-06-20 14:56:56
错误级别：Notice|错误信息:Undefined index: m|所在文件:D:\wamp\www\project\system\router.php|错误行数:54日期:2016-06-20 14:56:56
错误级别：Notice|错误信息:Undefined index: userLib]|所在文件:D:\wamp\www\project\system\Loader.php|错误行数:90日期:2016-06-20 14:56:56
错误级别：Notice|错误信息:Undefined index: c|所在文件:D:\wamp\www\project\system\router.php|错误行数:53日期:2016-06-20 14:58:33
错误级别：Notice|错误信息:Undefined index: m|所在文件:D:\wamp\www\project\system\router.php|错误行数:54日期:2016-06-20 14:58:33
错误级别：Notice|错误信息:Undefined index: userLib]|所在文件:D:\wamp\www\project\system\Loader.php|错误行数:91日期:2016-06-20 14:58:33
错误级别：Notice|错误信息:Undefined index: c|所在文件:D:\wamp\www\project\system\router.php|错误行数:53日期:2016-06-20 14:58:34
错误级别：Notice|错误信息:Undefined index: m|所在文件:D:\wamp\www\project\system\router.php|错误行数:54日期:2016-06-20 14:58:34
错误级别：Notice|错误信息:Undefined index: userLib]|所在文件:D:\wamp\www\project\system\Loader.php|错误行数:91日期:2016-06-20 14:58:34
错误级别：Notice|错误信息:Undefined index: c|所在文件:D:\wamp\www\project\system\router.php|错误行数:53日期:2016-06-20 14:59:07
错误级别：Notice|错误信息:Undefined index: m|所在文件:D:\wamp\www\project\system\router.php|错误行数:54日期:2016-06-20 14:59:07
错误级别：Notice|错误信息:Undefined index: userLib]|所在文件:D:\wamp\www\project\system\Loader.php|错误行数:92日期:2016-06-20 14:59:07
错误级别：Notice|错误信息:Undefined index: c|所在文件:D:\wamp\www\project\system\router.php|错误行数:53日期:2016-06-20 14:59:15
错误级别：Notice|错误信息:Undefined index: m|所在文件:D:\wamp\www\project\system\router.php|错误行数:54日期:2016-06-20 14:59:15
错误级别：Notice|错误信息:Undefined index: userLib]|所在文件:D:\wamp\www\project\system\Loader.php|错误行数:93日期:2016-06-20 14:59:15
错误级别：Notice|错误信息:Undefined index: c|所在文件:D:\wamp\www\project\system\router.php|错误行数:53日期:2016-06-20 14:59:40
错误级别：Notice|错误信息:Undefined index: m|所在文件:D:\wamp\www\project\system\router.php|错误行数:54日期:2016-06-20 14:59:40
错误级别：Notice|错误信息:Undefined index: userLib]|所在文件:D:\wamp\www\project\system\Loader.php|错误行数:93日期:2016-06-20 14:59:40
错误级别：Notice|错误信息:Undefined index: c|所在文件:D:\wamp\www\project\system\router.php|错误行数:53日期:2016-06-20 15:00:16
错误级别：Notice|错误信息:Undefined index: m|所在文件:D:\wamp\www\project\system\router.php|错误行数:54日期:2016-06-20 15:00:16
错误级别：Notice|错误信息:Undefined index: userLib]|所在文件:D:\wamp\www\project\system\Loader.php|错误行数:93日期:2016-06-20 15:00:16
错误级别：Notice|错误信息:Undefined index: c|所在文件:D:\wamp\www\project\system\router.php|错误行数:53日期:2016-06-20 15:01:40
错误级别：Notice|错误信息:Undefined index: m|所在文件:D:\wamp\www\project\system\router.php|错误行数:54日期:2016-06-20 15:01:40
错误级别：Notice|错误信息:Undefined index: userLib]|所在文件:D:\wamp\www\project\system\Loader.php|错误行数:93日期:2016-06-20 15:01:40
错误级别：Notice|错误信息:Undefined index: c|所在文件:D:\wamp\www\project\system\router.php|错误行数:53日期:2016-06-20 15:01:59
错误级别：Notice|错误信息:Undefined index: m|所在文件:D:\wamp\www\project\system\router.php|错误行数:54日期:2016-06-20 15:01:59
错误级别：Notice|错误信息:Undefined index: userLib]|所在文件:D:\wamp\www\project\system\Loader.php|错误行数:94日期:2016-06-20 15:01:59
错误级别：Notice|错误信息:Undefined index: c|所在文件:D:\wamp\www\project\system\router.php|错误行数:53日期:2016-06-20 15:02:49
错误级别：Notice|错误信息:Undefined index: m|所在文件:D:\wamp\www\project\system\router.php|错误行数:54日期:2016-06-20 15:02:49
错误级别：Notice|错误信息:Undefined index: userLib]|所在文件:D:\wamp\www\project\system\Loader.php|错误行数:92日期:2016-06-20 15:02:49
错误级别：Notice|错误信息:Undefined index: c|所在文件:D:\wamp\www\project\system\router.php|错误行数:53日期:2016-06-20 15:03:41
错误级别：Notice|错误信息:Undefined index: m|所在文件:D:\wamp\www\project\system\router.php|错误行数:54日期:2016-06-20 15:03:41
错误级别：Notice|错误信息:Undefined index: userLib]|所在文件:D:\wamp\www\project\system\Loader.php|错误行数:93日期:2016-06-20 15:03:41
错误级别：Notice|错误信息:Undefined index: c|所在文件:D:\wamp\www\project\system\router.php|错误行数:53日期:2016-06-20 15:04:55
错误级别：Notice|错误信息:Undefined index: m|所在文件:D:\wamp\www\project\system\router.php|错误行数:54日期:2016-06-20 15:04:55
错误级别：Notice|错误信息:Undefined index: userLib]|所在文件:D:\wamp\www\project\system\Loader.php|错误行数:94日期:2016-06-20 15:04:55
错误级别：Notice|错误信息:Undefined index: c|所在文件:D:\wamp\www\project\system\router.php|错误行数:53日期:2016-06-20 15:05:40
错误级别：Notice|错误信息:Undefined index: m|所在文件:D:\wamp\www\project\system\router.php|错误行数:54日期:2016-06-20 15:05:40
错误级别：Notice|错误信息:Undefined index: userLib]|所在文件:D:\wamp\www\project\system\Loader.php|错误行数:94日期:2016-06-20 15:05:40
错误级别：Notice|错误信息:Undefined index: c|所在文件:D:\wamp\www\project\system\router.php|错误行数:53日期:2016-06-20 15:05:43
错误级别：Notice|错误信息:Undefined index: m|所在文件:D:\wamp\www\project\system\router.php|错误行数:54日期:2016-06-20 15:05:43
错误级别：Notice|错误信息:Undefined index: userLib]|所在文件:D:\wamp\www\project\system\Loader.php|错误行数:94日期:2016-06-20 15:05:43
错误级别：Notice|错误信息:Undefined index: c|所在文件:D:\wamp\www\project\system\router.php|错误行数:53日期:2016-06-20 15:05:43
错误级别：Notice|错误信息:Undefined index: m|所在文件:D:\wamp\www\project\system\router.php|错误行数:54日期:2016-06-20 15:05:43
错误级别：Notice|错误信息:Undefined index: userLib]|所在文件:D:\wamp\www\project\system\Loader.php|错误行数:94日期:2016-06-20 15:05:43
错误级别：Notice|错误信息:Undefined index: c|所在文件:D:\wamp\www\project\system\router.php|错误行数:53日期:2016-06-20 15:05:43
错误级别：Notice|错误信息:Undefined index: m|所在文件:D:\wamp\www\project\system\router.php|错误行数:54日期:2016-06-20 15:05:43
错误级别：Notice|错误信息:Undefined index: userLib]|所在文件:D:\wamp\www\project\system\Loader.php|错误行数:94日期:2016-06-20 15:05:43
错误级别：Notice|错误信息:Undefined index: c|所在文件:D:\wamp\www\project\system\router.php|错误行数:53日期:2016-06-20 15:05:44
错误级别：Notice|错误信息:Undefined index: m|所在文件:D:\wamp\www\project\system\router.php|错误行数:54日期:2016-06-20 15:05:44
错误级别：Notice|错误信息:Undefined index: userLib]|所在文件:D:\wamp\www\project\system\Loader.php|错误行数:94日期:2016-06-20 15:05:44
错误级别：Notice|错误信息:Undefined index: c|所在文件:D:\wamp\www\project\system\router.php|错误行数:53日期:2016-06-20 15:06:30
错误级别：Notice|错误信息:Undefined index: m|所在文件:D:\wamp\www\project\system\router.php|错误行数:54日期:2016-06-20 15:06:30
错误级别：Notice|错误信息:Undefined index: userLib]|所在文件:D:\wamp\www\project\system\Loader.php|错误行数:93日期:2016-06-20 15:06:30
错误级别：Warn|错误信息:mysqli::mysqli(): (HY000/1045): Access denied for user 'root'@'211.157.182.134' (using password: NO)|所在文件:D:\wamp\www\project\system\database\MysqliDriver.php|错误行数:16日期:2016-06-20 15:06:31
错误级别：Notice|错误信息:Undefined index: c|所在文件:D:\wamp\www\project\system\router.php|错误行数:53日期:2016-06-20 15:07:10
错误级别：Notice|错误信息:Undefined index: m|所在文件:D:\wamp\www\project\system\router.php|错误行数:54日期:2016-06-20 15:07:10
错误级别：Notice|错误信息:Undefined index: userLib]|所在文件:D:\wamp\www\project\system\Loader.php|错误行数:92日期:2016-06-20 15:07:10
错误级别：Notice|错误信息:Undefined index: c|所在文件:D:\wamp\www\project\system\router.php|错误行数:53日期:2016-06-20 15:09:17
错误级别：Notice|错误信息:Undefined index: m|所在文件:D:\wamp\www\project\system\router.php|错误行数:54日期:2016-06-20 15:09:17
错误级别：Notice|错误信息:Undefined index: userLib]|所在文件:D:\wamp\www\project\system\Loader.php|错误行数:92日期:2016-06-20 15:09:17
错误级别：Notice|错误信息:Undefined index: c|所在文件:D:\wamp\www\project\system\router.php|错误行数:53日期:2016-06-20 15:09:21
错误级别：Notice|错误信息:Undefined index: m|所在文件:D:\wamp\www\project\system\router.php|错误行数:54日期:2016-06-20 15:09:21
错误级别：Notice|错误信息:Undefined index: userLib]|所在文件:D:\wamp\www\project\system\Loader.php|错误行数:92日期:2016-06-20 15:09:21
错误级别：Notice|错误信息:Undefined index: c|所在文件:D:\wamp\www\project\system\router.php|错误行数:54日期:2016-06-20 15:09:57
错误级别：Notice|错误信息:Undefined index: m|所在文件:D:\wamp\www\project\system\router.php|错误行数:55日期:2016-06-20 15:09:57
错误级别：Notice|错误信息:Undefined index: userLib]|所在文件:D:\wamp\www\project\system\Loader.php|错误行数:92日期:2016-06-20 15:09:57
错误级别：Notice|错误信息:Undefined index: c|所在文件:D:\wamp\www\project\system\router.php|错误行数:54日期:2016-06-20 15:09:58
错误级别：Notice|错误信息:Undefined index: m|所在文件:D:\wamp\www\project\system\router.php|错误行数:55日期:2016-06-20 15:09:58
错误级别：Notice|错误信息:Undefined index: userLib]|所在文件:D:\wamp\www\project\system\Loader.php|错误行数:92日期:2016-06-20 15:09:58
错误级别：Notice|错误信息:Undefined index: c|所在文件:D:\wamp\www\project\system\router.php|错误行数:54日期:2016-06-20 15:10:14
错误级别：Notice|错误信息:Undefined index: m|所在文件:D:\wamp\www\project\system\router.php|错误行数:55日期:2016-06-20 15:10:14
错误级别：Notice|错误信息:Undefined index: userLib]|所在文件:D:\wamp\www\project\system\Loader.php|错误行数:92日期:2016-06-20 15:10:14
错误级别：Notice|错误信息:Undefined index: c|所在文件:D:\wamp\www\project\system\router.php|错误行数:54日期:2016-06-20 15:10:15
错误级别：Notice|错误信息:Undefined index: m|所在文件:D:\wamp\www\project\system\router.php|错误行数:55日期:2016-06-20 15:10:15
错误级别：Notice|错误信息:Undefined index: userLib]|所在文件:D:\wamp\www\project\system\Loader.php|错误行数:92日期:2016-06-20 15:10:15
错误级别：Notice|错误信息:Undefined index: userLib]|所在文件:D:\wamp\www\project\system\Loader.php|错误行数:92日期:2016-06-20 15:11:04
错误级别：Notice|错误信息:Undefined index: userLib]|所在文件:D:\wamp\www\project\system\Loader.php|错误行数:92日期:2016-06-20 15:11:32
错误级别：Notice|错误信息:Undefined index: role|所在文件:D:\wamp\www\project\application\userLib\Session.php|错误行数:7日期:2016-06-20 15:11:32
错误级别：Notice|错误信息:Undefined index: userLib]|所在文件:D:\wamp\www\project\system\Loader.php|错误行数:92日期:2016-06-20 15:13:45
错误级别：Notice|错误信息:Undefined index: userLib]|所在文件:D:\wamp\www\project\system\Loader.php|错误行数:92日期:2016-06-20 15:13:45
错误级别：Notice|错误信息:Undefined index: userLib]|所在文件:D:\wamp\www\project\system\Loader.php|错误行数:92日期:2016-06-20 15:13:45
错误级别：Notice|错误信息:Undefined index: userLib]|所在文件:D:\wamp\www\project\system\Loader.php|错误行数:92日期:2016-06-20 15:13:49
错误级别：Notice|错误信息:Undefined index: userLib]|所在文件:D:\wamp\www\project\system\Loader.php|错误行数:92日期:2016-06-20 15:13:53
错误级别：Notice|错误信息:Undefined index: userLib]|所在文件:D:\wamp\www\project\system\Loader.php|错误行数:92日期:2016-06-20 15:17:03
错误级别：Notice|错误信息:Undefined variable: mes|所在文件:D:\wamp\www\project\application\view\index\login.php|错误行数:29日期:2016-06-20 15:17:03
错误级别：Notice|错误信息:Undefined index: userLib]|所在文件:D:\wamp\www\project\system\Loader.php|错误行数:92日期:2016-06-20 15:17:06
错误级别：Notice|错误信息:Undefined index: userLib]|所在文件:D:\wamp\www\project\system\Loader.php|错误行数:92日期:2016-06-20 15:17:10
错误级别：Notice|错误信息:Undefined variable: mes|所在文件:D:\wamp\www\project\application\view\index\login.php|错误行数:29日期:2016-06-20 15:17:10
错误级别：Notice|错误信息:Undefined index: userLib]|所在文件:D:\wamp\www\project\system\Loader.php|错误行数:92日期:2016-06-20 15:18:21
错误级别：Notice|错误信息:Undefined index: userLib]|所在文件:D:\wamp\www\project\system\Loader.php|错误行数:92日期:2016-06-20 15:18:29
错误级别：Notice|错误信息:Undefined variable: mes|所在文件:D:\wamp\www\project\application\view\index\login.php|错误行数:29日期:2016-06-20 15:18:29
错误级别：Notice|错误信息:Undefined index: userLib]|所在文件:D:\wamp\www\project\system\Loader.php|错误行数:92日期:2016-06-20 15:18:31
错误级别：Notice|错误信息:Undefined variable: mes|所在文件:D:\wamp\www\project\application\view\index\login.php|错误行数:29日期:2016-06-20 15:18:31
错误级别：Notice|错误信息:Undefined index: userLib]|所在文件:D:\wamp\www\project\system\Loader.php|错误行数:92日期:2016-06-20 15:18:33
错误级别：Notice|错误信息:Undefined index: userLib]|所在文件:D:\wamp\www\project\system\Loader.php|错误行数:92日期:2016-06-20 15:18:56
错误级别：Notice|错误信息:Undefined index: userLib]|所在文件:D:\wamp\www\project\system\Loader.php|错误行数:92日期:2016-06-20 15:19:21
错误级别：Notice|错误信息:Trying to get property of non-object|所在文件:D:\wamp\www\project\application\model\Admin.php|错误行数:16日期:2016-06-20 15:19:22
错误级别：Notice|错误信息:Undefined index: userLib]|所在文件:D:\wamp\www\project\system\Loader.php|错误行数:92日期:2016-06-20 15:19:23
错误级别：Notice|错误信息:Trying to get property of non-object|所在文件:D:\wamp\www\project\application\model\Admin.php|错误行数:16日期:2016-06-20 15:19:23
错误级别：Notice|错误信息:Undefined index: userLib]|所在文件:D:\wamp\www\project\system\Loader.php|错误行数:92日期:2016-06-20 15:19:52
错误级别：Notice|错误信息:Undefined index: userLib]|所在文件:D:\wamp\www\project\system\Loader.php|错误行数:92日期:2016-06-20 15:19:52
错误级别：Notice|错误信息:Undefined index: userLib]|所在文件:D:\wamp\www\project\system\Loader.php|错误行数:92日期:2016-06-20 15:19:52
错误级别：Notice|错误信息:Undefined index: userLib]|所在文件:D:\wamp\www\project\system\Loader.php|错误行数:92日期:2016-06-20 15:28:47
错误级别：Notice|错误信息:Undefined index: userLib]|所在文件:D:\wamp\www\project\system\Loader.php|错误行数:92日期:2016-06-20 15:28:48
错误级别：Notice|错误信息:Undefined index: userLib]|所在文件:D:\wamp\www\project\system\Loader.php|错误行数:92日期:2016-06-20 15:28:48
错误级别：Warn|错误信息:mysqli_real_escape_string() expects exactly 2 parameters, 1 given|所在文件:D:\wamp\www\project\system\database\MysqliDriver.php|错误行数:89日期:2016-06-20 15:28:48
错误级别：Notice|错误信息:Undefined index: userLib]|所在文件:D:\wamp\www\project\system\Loader.php|错误行数:92日期:2016-06-20 15:29:12
错误级别：Notice|错误信息:Undefined index: userLib]|所在文件:D:\wamp\www\project\system\Loader.php|错误行数:92日期:2016-06-20 15:29:12
错误级别：Notice|错误信息:Undefined index: userLib]|所在文件:D:\wamp\www\project\system\Loader.php|错误行数:92日期:2016-06-20 15:29:13
错误级别：Warn|错误信息:mysqli_real_escape_string() expects exactly 2 parameters, 1 given|所在文件:D:\wamp\www\project\system\database\MysqliDriver.php|错误行数:89日期:2016-06-20 15:29:13
错误级别：Notice|错误信息:Undefined index: userLib]|所在文件:D:\wamp\www\project\system\Loader.php|错误行数:92日期:2016-06-20 15:29:46
错误级别：Notice|错误信息:Undefined index: userLib]|所在文件:D:\wamp\www\project\system\Loader.php|错误行数:92日期:2016-06-20 15:29:46
错误级别：Notice|错误信息:Undefined index: userLib]|所在文件:D:\wamp\www\project\system\Loader.php|错误行数:92日期:2016-06-20 15:29:46
错误级别：Notice|错误信息:Undefined index: userLib]|所在文件:D:\wamp\www\project\system\Loader.php|错误行数:92日期:2016-06-20 15:30:09
错误级别：Notice|错误信息:Undefined index: userLib]|所在文件:D:\wamp\www\project\system\Loader.php|错误行数:92日期:2016-06-20 15:30:09
错误级别：Notice|错误信息:Undefined index: userLib]|所在文件:D:\wamp\www\project\system\Loader.php|错误行数:92日期:2016-06-20 15:30:09
错误级别：Notice|错误信息:Undefined index: userLib]|所在文件:D:\wamp\www\project\system\Loader.php|错误行数:92日期:2016-06-20 15:30:39
错误级别：Notice|错误信息:Undefined index: userLib]|所在文件:D:\wamp\www\project\system\Loader.php|错误行数:92日期:2016-06-20 15:30:39
错误级别：Notice|错误信息:Undefined index: userLib]|所在文件:D:\wamp\www\project\system\Loader.php|错误行数:92日期:2016-06-20 15:30:40
错误级别：Notice|错误信息:Undefined index: userLib]|所在文件:D:\wamp\www\project\system\Loader.php|错误行数:92日期:2016-06-20 15:30:54
错误级别：Notice|错误信息:Undefined index: userLib]|所在文件:D:\wamp\www\project\system\Loader.php|错误行数:92日期:2016-06-20 15:30:55
错误级别：Notice|错误信息:Undefined index: userLib]|所在文件:D:\wamp\www\project\system\Loader.php|错误行数:92日期:2016-06-20 15:30:55
错误级别：Notice|错误信息:Undefined index: userLib]|所在文件:D:\wamp\www\project\system\Loader.php|错误行数:92日期:2016-06-20 15:33:41
错误级别：Notice|错误信息:Undefined index: userLib]|所在文件:D:\wamp\www\project\system\Loader.php|错误行数:92日期:2016-06-20 15:33:41
错误级别：Notice|错误信息:Undefined index: userLib]|所在文件:D:\wamp\www\project\system\Loader.php|错误行数:92日期:2016-06-20 15:33:41
错误级别：Notice|错误信息:Undefined index: userLib]|所在文件:D:\wamp\www\project\system\Loader.php|错误行数:92日期:2016-06-20 15:33:47
错误级别：Notice|错误信息:Undefined index: userLib]|所在文件:D:\wamp\www\project\system\Loader.php|错误行数:92日期:2016-06-20 15:33:51
错误级别：Notice|错误信息:Undefined index: userLib]|所在文件:D:\wamp\www\project\system\Loader.php|错误行数:92日期:2016-06-20 15:34:23
错误级别：Notice|错误信息:Undefined index: userLib]|所在文件:D:\wamp\www\project\system\Loader.php|错误行数:92日期:2016-06-20 15:34:24
错误级别：Notice|错误信息:Undefined index: userLib]|所在文件:D:\wamp\www\project\system\Loader.php|错误行数:92日期:2016-06-20 15:34:24
错误级别：Notice|错误信息:Undefined index: userLib]|所在文件:D:\wamp\www\project\system\Loader.php|错误行数:92日期:2016-06-20 15:34:25
错误级别：Notice|错误信息:Undefined variable: mes|所在文件:D:\wamp\www\project\application\view\index\login.php|错误行数:29日期:2016-06-20 15:34:25
错误级别：Notice|错误信息:Undefined index: userLib]|所在文件:D:\wamp\www\project\system\Loader.php|错误行数:92日期:2016-06-20 15:34:26
错误级别：Notice|错误信息:Undefined index: userLib]|所在文件:D:\wamp\www\project\system\Loader.php|错误行数:92日期:2016-06-20 15:34:26
错误级别：Notice|错误信息:Undefined index: userLib]|所在文件:D:\wamp\www\project\system\Loader.php|错误行数:92日期:2016-06-20 15:34:26
错误级别：Notice|错误信息:Undefined offset: 1|所在文件:D:\wamp\www\project_ex\system\router.php|错误行数:44日期:2016-06-20 15:44:17
错误级别：Notice|错误信息:Undefined offset: 2|所在文件:D:\wamp\www\project_ex\system\router.php|错误行数:45日期:2016-06-20 15:44:17
错误级别：Notice|错误信息:Undefined index: userLib]|所在文件:D:\wamp\www\project_ex\system\Loader.php|错误行数:92日期:2016-06-20 15:44:17
错误级别：Notice|错误信息:Undefined variable: mes|所在文件:D:\wamp\www\project_ex\application\view\index\login.php|错误行数:29日期:2016-06-20 15:44:17
错误级别：Notice|错误信息:Undefined offset: 2|所在文件:D:\wamp\www\project_ex\system\router.php|错误行数:45日期:2016-06-20 15:46:11
错误级别：Notice|错误信息:Undefined index: userLib]|所在文件:D:\wamp\www\project_ex\system\Loader.php|错误行数:92日期:2016-06-20 15:46:11
错误级别：Notice|错误信息:Undefined variable: mes|所在文件:D:\wamp\www\project_ex\application\view\index\login.php|错误行数:29日期:2016-06-20 15:46:11
错误级别：Notice|错误信息:Undefined offset: 2|所在文件:D:\wamp\www\project_ex\system\router.php|错误行数:45日期:2016-06-20 15:46:40
错误级别：Notice|错误信息:Undefined index: userLib]|所在文件:D:\wamp\www\project_ex\system\Loader.php|错误行数:92日期:2016-06-20 15:46:40
错误级别：Notice|错误信息:Undefined variable: mes|所在文件:D:\wamp\www\project_ex\application\view\index\login.php|错误行数:29日期:2016-06-20 15:46:40
错误级别：Notice|错误信息:Undefined offset: 2|所在文件:D:\wamp\www\project_ex\system\router.php|错误行数:45日期:2016-06-20 15:47:19
错误级别：Notice|错误信息:Undefined index: userLib]|所在文件:D:\wamp\www\project_ex\system\Loader.php|错误行数:92日期:2016-06-20 15:47:19
错误级别：Notice|错误信息:Undefined variable: mes|所在文件:D:\wamp\www\project_ex\application\view\index\login.php|错误行数:29日期:2016-06-20 15:47:19
错误级别：Notice|错误信息:Undefined offset: 1|所在文件:D:\wamp\www\project_ex\system\router.php|错误行数:44日期:2016-06-20 15:48:54
错误级别：Notice|错误信息:Undefined offset: 2|所在文件:D:\wamp\www\project_ex\system\router.php|错误行数:45日期:2016-06-20 15:48:54
错误级别：Notice|错误信息:Undefined index: userLib]|所在文件:D:\wamp\www\project_ex\system\Loader.php|错误行数:92日期:2016-06-20 15:48:54
错误级别：Notice|错误信息:Undefined variable: mes|所在文件:D:\wamp\www\project_ex\application\view\index\login.php|错误行数:29日期:2016-06-20 15:48:54
错误级别：Notice|错误信息:Undefined offset: 2|所在文件:D:\wamp\www\project_ex\system\router.php|错误行数:45日期:2016-06-28 18:20:04
错误级别：Notice|错误信息:Undefined index: userLib]|所在文件:D:\wamp\www\project_ex\system\Loader.php|错误行数:92日期:2016-06-28 18:20:04
错误级别：Notice|错误信息:Undefined variable: mes|所在文件:D:\wamp\www\project_ex\application\view\index\login.php|错误行数:29日期:2016-06-28 18:20:05
错误级别：Notice|错误信息:Undefined index: userLib]|所在文件:D:\wamp\www\project_ex\system\Loader.php|错误行数:92日期:2016-06-28 18:20:14
错误级别：Notice|错误信息:Undefined index: userLib]|所在文件:D:\wamp\www\project_ex\system\Loader.php|错误行数:92日期:2016-06-28 18:20:42
错误级别：Notice|错误信息:Undefined index: userLib]|所在文件:D:\wamp\www\project_ex\system\Loader.php|错误行数:92日期:2016-06-28 18:21:03
错误级别：Notice|错误信息:Undefined index: userLib]|所在文件:D:\wamp\www\project_ex\system\Loader.php|错误行数:92日期:2016-06-28 18:21:28
错误级别：Notice|错误信息:Undefined index: userLib]|所在文件:D:\wamp\www\project_ex\system\Loader.php|错误行数:92日期:2016-06-28 18:21:35
错误级别：Notice|错误信息:Undefined index: userLib]|所在文件:D:\wamp\www\project_ex\system\Loader.php|错误行数:92日期:2016-06-28 18:21:40
错误级别：Notice|错误信息:Undefined index: userLib]|所在文件:D:\wamp\www\project_ex\system\Loader.php|错误行数:92日期:2016-06-28 18:21:42
